2025-06-07T07:30:27.424Z MainController: Starting nvim: /opt/homebrew/bin/nvim -N --embed --cmd source /Users/alifton/.cursor/extensions/asvetliakov.vscode-neovim-1.18.22/runtime/vscode-neovim.vim -u $HOME/.config/nvim/init.lua
2025-06-07T07:30:27.598Z MainController: Nvim info: {
  nvimVersion: {
    api_compatible: 0,
    build: null,
    minor: 11,
    prerelease: false,
    patch: 1,
    major: 0,
    api_level: 13,
    api_prerelease: false
  },
  logFile: '/Users/alifton/.local/state/nvim/log',
  configDir: '/Users/alifton/.config/nvim'
}
2025-06-07T07:30:27.611Z CursorManager: No editor for gridId: 2
2025-06-07T07:31:37.120Z CursorManager: No editor for gridId: 12
2025-06-07T09:24:24.584Z CursorManager: No editor for gridId: 2
2025-06-07T09:24:27.099Z MessagesManager: '/references             \n'
2025-06-07T09:24:27.100Z MessagesManager: '/references        [1/6]\n'
2025-06-07T09:24:27.411Z MessagesManager: '                   [2/6]\n'
2025-06-07T09:24:27.662Z MessagesManager: '                   [3/6]\n'
2025-06-07T09:25:43.792Z CursorManager: No editor for gridId: 2
2025-06-07T09:30:53.419Z MessagesManager: '76 lines yanked\n'
2025-06-07T09:32:00.180Z CursorManager: nvim_win_set_cursor: Invalid window id: 1003
2025-06-07T09:32:00.180Z BufferManager: nvim_set_current_win: Invalid window id: 1003
2025-06-07T09:32:00.197Z CursorManager: nvim_win_set_cursor: Invalid window id: 1003
2025-06-07T09:32:10.813Z CursorManager: No editor for gridId: 2
2025-06-07T09:32:10.817Z CursorManager: No editor for gridId: 16
2025-06-07T09:32:15.267Z CursorManager: No editor for gridId: 2
2025-06-07T09:32:16.335Z CursorManager: No editor for gridId: 2
2025-06-07T09:32:59.109Z CursorManager: No editor for gridId: 2
2025-06-07T09:33:01.799Z CursorManager: No editor for gridId: 2
2025-06-07T09:33:17.029Z CursorManager: No editor for gridId: 21
2025-06-07T09:33:18.313Z CursorManager: No editor for gridId: 22
